#
# A fatal error has been detected by the Java Runtime Environment:
#
#  Internal Error (javaClasses.cpp:129), pid=12880, tid=3063053120
#  fatal error: Invalid layout of preloaded class
#
# JRE version: 7.0_17-b02
# Java VM: Java HotSpot(TM) Server VM (23.7-b01 mixed mode linux-x86 )
# Failed to write core dump. Core dumps have been disabled. To enable core dumping, try "ulimit -c unlimited" before starting Java again
#
# If you would like to submit a bug report, please visit:
#   http://bugreport.sun.com/bugreport/crash.jsp
#

---------------  T H R E A D  ---------------

Current thread (0xb6706400):  JavaThread "Unknown thread" [_thread_in_vm, id=12887, stack(0xb68d7000,0xb6928000)]

Stack: [0xb68d7000,0xb6928000],  sp=0xb6926d90,  free space=319k
Native frames: (J=compiled Java code, j=interpreted, Vv=VM code, C=native code)
V  [libjvm.so+0x720449]  VMError::report_and_die()+0x199
V  [libjvm.so+0x2e8d4c]  report_fatal(char const*, int, char const*)+0x4c
V  [libjvm.so+0x416860]  compute_offset(int&, klassOopDesc*, Symbol*, Symbol*, bool)+0x110
V  [libjvm.so+0x41adf4]  java_lang_String::compute_offsets()+0x44
V  [libjvm.so+0x6b5735]  SystemDictionary::initialize_preloaded_classes(Thread*)+0x225
V  [libjvm.so+0x6fd238]  Universe::genesis(Thread*)+0x3f8
V  [libjvm.so+0x6fd6af]  universe2_init()+0x1f
V  [libjvm.so+0x3dca90]  init_globals()+0xa0
V  [libjvm.so+0x6e4c29]  Threads::create_vm(JavaVMInitArgs*, bool*)+0x1f9
V  [libjvm.so+0x4243dc]  JNI_CreateJavaVM+0x5c
C  [libjli.so+0x2668]  JavaMain+0x98
C  [libpthread.so.0+0x6d4c]  start_thread+0xcc


---------------  P R O C E S S  ---------------

Java Threads: ( => current thread )

Other Threads:

=>0xb6706400 (exited) JavaThread "Unknown thread" [_thread_in_vm, id=12887, stack(0xb68d7000,0xb6928000)]

VM state:not at safepoint (not fully initialized)

VM Mutex/Monitor currently owned by a thread: None

GC Heap History (0 events):
No events

Deoptimization events (0 events):
No events

Internal exceptions (0 events):
No events

Events (10 events):
Event: 0.102 loading class 0xb6734260 done
Event: 0.102 loading class 0xb6733ba0 done
Event: 0.102 loading class 0xb6733b78
Event: 0.102 loading class 0xb6753a90
Event: 0.102 loading class 0xb6753a90 done
Event: 0.102 loading class 0xb6753ac8
Event: 0.102 loading class 0xb6753ac8 done
Event: 0.102 loading class 0xb6753b00
Event: 0.102 loading class 0xb6753b00 done
Event: 0.102 loading class 0xb6733b78 done


Dynamic libraries:
08048000-08049000 r-xp 00000000 08:16 1986528    /usr/lib/jvm/jre1.7.17/bin/java
08049000-0804a000 rw-p 00000000 08:16 1986528    /usr/lib/jvm/jre1.7.17/bin/java
09891000-098b2000 rw-p 00000000 00:00 0          [heap]
6bb9f000-6bd9a000 rw-p 00000000 00:00 0 
6bd9a000-6be60000 r--s 0116f000 08:17 9706313    /home/gauee/Pobrane/adt-bundle-linux-x86-20130219/sdk/platforms/android-17/android.jar
6be60000-6eb00000 rw-p 00000000 00:00 0 
6eb00000-6eb21000 rw-p 00000000 00:00 0 
6eb21000-6ec00000 ---p 00000000 00:00 0 
6ec7f000-6ec80000 ---p 00000000 00:00 0 
6ec80000-6ed00000 rw-p 00000000 00:00 0          [stack:12891]
6ed00000-6ed21000 rw-p 00000000 00:00 0 
6ed21000-6ee00000 ---p 00000000 00:00 0 
6ee7f000-6ee80000 ---p 00000000 00:00 0 
6ee80000-6ef00000 rw-p 00000000 00:00 0          [stack:12890]
6ef00000-6ef21000 rw-p 00000000 00:00 0 
6ef21000-6f000000 ---p 00000000 00:00 0 
6f07f000-6f080000 ---p 00000000 00:00 0 
6f080000-6f100000 rw-p 00000000 00:00 0          [stack:12889]
6f100000-6f121000 rw-p 00000000 00:00 0 
6f121000-6f200000 ---p 00000000 00:00 0 
6f228000-6f229000 ---p 00000000 00:00 0 
6f229000-6f2b1000 rw-p 00000000 00:00 0          [stack:12888]
6f2b1000-6f2c9000 rw-p 00000000 00:00 0 
6f2c9000-6f2df000 rw-p 00000000 00:00 0 
6f2df000-6f41f000 rw-p 00000000 00:00 0 
6f41f000-6f427000 rw-p 00000000 00:00 0 
6f427000-6f43f000 rw-p 00000000 00:00 0 
6f43f000-6f455000 rw-p 00000000 00:00 0 
6f455000-6f594000 rw-p 00000000 00:00 0 
6f594000-6f59f000 rw-p 00000000 00:00 0 
6f59f000-6f63f000 rw-p 00000000 00:00 0 
6f63f000-70640000 rw-p 00000000 00:00 0 
70640000-73640000 rw-p 00000000 00:00 0 
73640000-760f0000 rw-p 00000000 00:00 0 
760f0000-9e0f0000 rw-p 00000000 00:00 0 
9e0f0000-9f640000 rw-p 00000000 00:00 0 
9f640000-b3640000 rw-p 00000000 00:00 0 
b3640000-b3649000 rw-p 00000000 00:00 0 
b3649000-b3700000 rw-p 00000000 00:00 0 
b3700000-b3940000 rwxp 00000000 00:00 0 
b3940000-b6765000 rw-p 00000000 00:00 0 
b6765000-b6800000 ---p 00000000 00:00 0 
b6856000-b6861000 r-xp 00000000 08:16 1075926    /lib/i386-linux-gnu/libnss_files-2.15.so
b6861000-b6862000 r--p 0000a000 08:16 1075926    /lib/i386-linux-gnu/libnss_files-2.15.so
b6862000-b6863000 rw-p 0000b000 08:16 1075926    /lib/i386-linux-gnu/libnss_files-2.15.so
b6863000-b686d000 r-xp 00000000 08:16 1075915    /lib/i386-linux-gnu/libnss_nis-2.15.so
b686d000-b686e000 r--p 00009000 08:16 1075915    /lib/i386-linux-gnu/libnss_nis-2.15.so
b686e000-b686f000 rw-p 0000a000 08:16 1075915    /lib/i386-linux-gnu/libnss_nis-2.15.so
b686f000-b6885000 r-xp 00000000 08:16 1075912    /lib/i386-linux-gnu/libnsl-2.15.so
b6885000-b6886000 r--p 00015000 08:16 1075912    /lib/i386-linux-gnu/libnsl-2.15.so
b6886000-b6887000 rw-p 00016000 08:16 1075912    /lib/i386-linux-gnu/libnsl-2.15.so
b6887000-b6889000 rw-p 00000000 00:00 0 
b6889000-b6890000 r-xp 00000000 08:16 1075925    /lib/i386-linux-gnu/libnss_compat-2.15.so
b6890000-b6891000 r--p 00006000 08:16 1075925    /lib/i386-linux-gnu/libnss_compat-2.15.so
b6891000-b6892000 rw-p 00007000 08:16 1075925    /lib/i386-linux-gnu/libnss_compat-2.15.so
b6892000-b68a9000 r-xp 00000000 08:16 1987071    /usr/lib/jvm/jre1.7.17/lib/i386/libzip.so
b68a9000-b68aa000 rw-p 00017000 08:16 1987071    /usr/lib/jvm/jre1.7.17/lib/i386/libzip.so
b68aa000-b68cd000 r-xp 00000000 08:16 1987051    /usr/lib/jvm/jre1.7.17/lib/i386/libjava.so
b68cd000-b68ce000 rw-p 00023000 08:16 1987051    /usr/lib/jvm/jre1.7.17/lib/i386/libjava.so
b68ce000-b68d5000 r-xp 00000000 08:16 1075918    /lib/i386-linux-gnu/librt-2.15.so
b68d5000-b68d6000 r--p 00006000 08:16 1075918    /lib/i386-linux-gnu/librt-2.15.so
b68d6000-b68d7000 rw-p 00007000 08:16 1075918    /lib/i386-linux-gnu/librt-2.15.so
b68d7000-b68da000 ---p 00000000 00:00 0 
b68da000-b6928000 rw-p 00000000 00:00 0          [stack:12887]
b6928000-b6952000 r-xp 00000000 08:16 1075933    /lib/i386-linux-gnu/libm-2.15.so
b6952000-b6953000 r--p 00029000 08:16 1075933    /lib/i386-linux-gnu/libm-2.15.so
b6953000-b6954000 rw-p 0002a000 08:16 1075933    /lib/i386-linux-gnu/libm-2.15.so
b6954000-b710d000 r-xp 00000000 08:16 2119442    /usr/lib/jvm/jre1.7.17/lib/i386/server/libjvm.so
b710d000-b715f000 rw-p 007b9000 08:16 2119442    /usr/lib/jvm/jre1.7.17/lib/i386/server/libjvm.so
b715f000-b7582000 rw-p 00000000 00:00 0 
b7582000-b7726000 r-xp 00000000 08:16 1075913    /lib/i386-linux-gnu/libc-2.15.so
b7726000-b7727000 ---p 001a4000 08:16 1075913    /lib/i386-linux-gnu/libc-2.15.so
b7727000-b7729000 r--p 001a4000 08:16 1075913    /lib/i386-linux-gnu/libc-2.15.so
b7729000-b772a000 rw-p 001a6000 08:16 1075913    /lib/i386-linux-gnu/libc-2.15.so
b772a000-b772d000 rw-p 00000000 00:00 0 
b772d000-b7730000 r-xp 00000000 08:16 1075920    /lib/i386-linux-gnu/libdl-2.15.so
b7730000-b7731000 r--p 00002000 08:16 1075920    /lib/i386-linux-gnu/libdl-2.15.so
b7731000-b7732000 rw-p 00003000 08:16 1075920    /lib/i386-linux-gnu/libdl-2.15.so
b7732000-b7745000 r-xp 00000000 08:16 2119448    /usr/lib/jvm/jre1.7.17/lib/i386/jli/libjli.so
b7745000-b7746000 rw-p 00012000 08:16 2119448    /usr/lib/jvm/jre1.7.17/lib/i386/jli/libjli.so
b7746000-b7747000 rw-p 00000000 00:00 0 
b7747000-b775e000 r-xp 00000000 08:16 1075921    /lib/i386-linux-gnu/libpthread-2.15.so
b775e000-b775f000 r--p 00016000 08:16 1075921    /lib/i386-linux-gnu/libpthread-2.15.so
b775f000-b7760000 rw-p 00017000 08:16 1075921    /lib/i386-linux-gnu/libpthread-2.15.so
b7760000-b7762000 rw-p 00000000 00:00 0 
b7764000-b776c000 rw-s 00000000 08:16 1975642    /tmp/hsperfdata_gauee/12880
b776c000-b776d000 rw-p 00000000 00:00 0 
b776d000-b776e000 r--p 00000000 00:00 0 
b776e000-b7779000 r-xp 00000000 08:16 1987079    /usr/lib/jvm/jre1.7.17/lib/i386/libverify.so
b7779000-b777a000 rw-p 0000b000 08:16 1987079    /usr/lib/jvm/jre1.7.17/lib/i386/libverify.so
b777a000-b777c000 rw-p 00000000 00:00 0 
b777c000-b777d000 r-xp 00000000 00:00 0          [vdso]
b777d000-b779d000 r-xp 00000000 08:16 1075927    /lib/i386-linux-gnu/ld-2.15.so
b779d000-b779e000 r--p 0001f000 08:16 1075927    /lib/i386-linux-gnu/ld-2.15.so
b779e000-b779f000 rw-p 00020000 08:16 1075927    /lib/i386-linux-gnu/ld-2.15.so
bfce9000-bfd0a000 rw-p 00000000 00:00 0          [stack]

VM Arguments:
jvm_args: -Dfile.encoding=UTF-8 -Xbootclasspath:/home/gauee/Pobrane/adt-bundle-linux-x86-20130219/sdk/platforms/android-17/android.jar 
java_command: pl.gauee.daytoday.PolishWeekDay
Launcher Type: SUN_STANDARD

Environment Variables:
JAVA_HOME=/usr/local/jdk1.7.0_21
PATH=/usr/lib/lightdm/lightdm:/usr/local/sbin:/usr/local/bin:/usr/sbin:/usr/bin:/sbin:/bin:/usr/games:/usr/local/games:/home/gauee/bin:/usr/local/jdk1.7.0_21/bin
LD_LIBRARY_PATH=/usr/lib/jvm/jre1.7.17/lib/i386/server:/usr/lib/jvm/jre1.7.17/lib/i386:/usr/lib/jvm/jre1.7.17/../lib/i386:/usr/lib/jvm/java-7-oracle/jre/lib/i386/client:/usr/lib/jvm/java-7-oracle/jre/lib/i386:
SHELL=/bin/bash
DISPLAY=:0

Signal Handlers:
SIGSEGV: [libjvm.so+0x720f90], sa_mask[0]=0x7ffbfeff, sa_flags=0x10000004
SIGBUS: [libjvm.so+0x720f90], sa_mask[0]=0x7ffbfeff, sa_flags=0x10000004
SIGFPE: [libjvm.so+0x5d9de0], sa_mask[0]=0x7ffbfeff, sa_flags=0x10000004
SIGPIPE: [libjvm.so+0x5d9de0], sa_mask[0]=0x7ffbfeff, sa_flags=0x10000004
SIGXFSZ: [libjvm.so+0x5d9de0], sa_mask[0]=0x7ffbfeff, sa_flags=0x10000004
SIGILL: [libjvm.so+0x5d9de0], sa_mask[0]=0x7ffbfeff, sa_flags=0x10000004
SIGUSR1: SIG_DFL, sa_mask[0]=0x00000000, sa_flags=0x00000000
SIGUSR2: [libjvm.so+0x5d96c0], sa_mask[0]=0x00000004, sa_flags=0x10000004
SIGHUP: SIG_DFL, sa_mask[0]=0x00000000, sa_flags=0x00000000
SIGINT: SIG_DFL, sa_mask[0]=0x00000000, sa_flags=0x00000000
SIGTERM: SIG_DFL, sa_mask[0]=0x00000000, sa_flags=0x00000000
SIGQUIT: SIG_DFL, sa_mask[0]=0x00000000, sa_flags=0x00000000


---------------  S Y S T E M  ---------------

OS:wheezy/sid

uname:Linux 3.5.0-42-generic #65-Ubuntu SMP Tue Oct 1 21:38:59 UTC 2013 i686
libc:glibc 2.15 NPTL 2.15 
rlimit: STACK 8192k, CORE 0k, NPROC 126272, NOFILE 4096, AS infinity
load average:2.83 1.69 1.35

/proc/meminfo:
MemTotal:       16178540 kB
MemFree:        11192980 kB
Buffers:          420356 kB
Cached:          2271280 kB
SwapCached:            0 kB
Active:          3296120 kB
Inactive:        1418076 kB
Active(anon):    2113288 kB
Inactive(anon):   367992 kB
Active(file):    1182832 kB
Inactive(file):  1050084 kB
Unevictable:       31316 kB
Mlocked:           31316 kB
HighTotal:      15447544 kB
HighFree:       11098596 kB
LowTotal:         730996 kB
LowFree:           94384 kB
SwapTotal:      15624188 kB
SwapFree:       15624188 kB
Dirty:                52 kB
Writeback:             0 kB
AnonPages:       2054412 kB
Mapped:           203176 kB
Shmem:            452484 kB
Slab:             174104 kB
SReclaimable:     151380 kB
SUnreclaim:        22724 kB
KernelStack:        5056 kB
PageTables:        21520 kB
NFS_Unstable:          0 kB
Bounce:                0 kB
WritebackTmp:          0 kB
CommitLimit:    23713456 kB
Committed_AS:    7903992 kB
VmallocTotal:     122880 kB
VmallocUsed:       20828 kB
VmallocChunk:      96784 kB
HardwareCorrupted:     0 kB
AnonHugePages:         0 kB
HugePages_Total:       0
HugePages_Free:        0
HugePages_Rsvd:        0
HugePages_Surp:        0
Hugepagesize:       2048 kB
DirectMap4k:       10232 kB
DirectMap2M:      903168 kB


CPU:total 4 (2 cores per cpu, 2 threads per core) family 6 model 58 stepping 9, cmov, cx8, fxsr, mmx, sse, sse2, sse3, ssse3, sse4.1, sse4.2, popcnt, avx, ht, tsc, tscinvbit, tscinv

/proc/cpuinfo:
processor	: 0
vendor_id	: GenuineIntel
cpu family	: 6
model		: 58
model name	: Intel(R) Core(TM) i5-3210M CPU @ 2.50GHz
stepping	: 9
microcode	: 0x12
cpu MHz		: 2501.000
cache size	: 3072 KB
physical id	: 0
siblings	: 4
core id		: 0
cpu cores	: 2
apicid		: 0
initial apicid	: 0
fdiv_bug	: no
hlt_bug		: no
f00f_bug	: no
coma_bug	: no
fpu		: yes
fpu_exception	: yes
cpuid level	: 13
wp		: yes
flags		: fpu vme de pse tsc msr pae mce cx8 apic sep mtrr pge mca cmov pat pse36 clflush dts acpi mmx fxsr sse sse2 ss ht tm pbe nx rdtscp lm constant_tsc arch_perfmon pebs bts xtopology nonstop_tsc aperfmperf pni pclmulqdq dtes64 monitor ds_cpl vmx est tm2 ssse3 cx16 xtpr pdcm pcid sse4_1 sse4_2 x2apic popcnt tsc_deadline_timer xsave avx f16c rdrand lahf_lm ida arat epb xsaveopt pln pts dtherm tpr_shadow vnmi flexpriority ept vpid fsgsbase smep erms
bogomips	: 4988.93
clflush size	: 64
cache_alignment	: 64
address sizes	: 36 bits physical, 48 bits virtual
power management:

processor	: 1
vendor_id	: GenuineIntel
cpu family	: 6
model		: 58
model name	: Intel(R) Core(TM) i5-3210M CPU @ 2.50GHz
stepping	: 9
microcode	: 0x12
cpu MHz		: 1200.000
cache size	: 3072 KB
physical id	: 0
siblings	: 4
core id		: 0
cpu cores	: 2
apicid		: 1
initial apicid	: 1
fdiv_bug	: no
hlt_bug		: no
f00f_bug	: no
coma_bug	: no
fpu		: yes
fpu_exception	: yes
cpuid level	: 13
wp		: yes
flags		: fpu vme de pse tsc msr pae mce cx8 apic sep mtrr pge mca cmov pat pse36 clflush dts acpi mmx fxsr sse sse2 ss ht tm pbe nx rdtscp lm constant_tsc arch_perfmon pebs bts xtopology nonstop_tsc aperfmperf pni pclmulqdq dtes64 monitor ds_cpl vmx est tm2 ssse3 cx16 xtpr pdcm pcid sse4_1 sse4_2 x2apic popcnt tsc_deadline_timer xsave avx f16c rdrand lahf_lm ida arat epb xsaveopt pln pts dtherm tpr_shadow vnmi flexpriority ept vpid fsgsbase smep erms
bogomips	: 4988.93
clflush size	: 64
cache_alignment	: 64
address sizes	: 36 bits physical, 48 bits virtual
power management:

processor	: 2
vendor_id	: GenuineIntel
cpu family	: 6
model		: 58
model name	: Intel(R) Core(TM) i5-3210M CPU @ 2.50GHz
stepping	: 9
microcode	: 0x12
cpu MHz		: 2501.000
cache size	: 3072 KB
physical id	: 0
siblings	: 4
core id		: 1
cpu cores	: 2
apicid		: 2
initial apicid	: 2
fdiv_bug	: no
hlt_bug		: no
f00f_bug	: no
coma_bug	: no
fpu		: yes
fpu_exception	: yes
cpuid level	: 13
wp		: yes
flags		: fpu vme de pse tsc msr pae mce cx8 apic sep mtrr pge mca cmov pat pse36 clflush dts acpi mmx fxsr sse sse2 ss ht tm pbe nx rdtscp lm constant_tsc arch_perfmon pebs bts xtopology nonstop_tsc aperfmperf pni pclmulqdq dtes64 monitor ds_cpl vmx est tm2 ssse3 cx16 xtpr pdcm pcid sse4_1 sse4_2 x2apic popcnt tsc_deadline_timer xsave avx f16c rdrand lahf_lm ida arat epb xsaveopt pln pts dtherm tpr_shadow vnmi flexpriority ept vpid fsgsbase smep erms
bogomips	: 4988.93
clflush size	: 64
cache_alignment	: 64
address sizes	: 36 bits physical, 48 bits virtual
power management:

processor	: 3
vendor_id	: GenuineIntel
cpu family	: 6
model		: 58
model name	: Intel(R) Core(TM) i5-3210M CPU @ 2.50GHz
stepping	: 9
microcode	: 0x12
cpu MHz		: 1200.000
cache size	: 3072 KB
physical id	: 0
siblings	: 4
core id		: 1
cpu cores	: 2
apicid		: 3
initial apicid	: 3
fdiv_bug	: no
hlt_bug		: no
f00f_bug	: no
coma_bug	: no
fpu		: yes
fpu_exception	: yes
cpuid level	: 13
wp		: yes
flags		: fpu vme de pse tsc msr pae mce cx8 apic sep mtrr pge mca cmov pat pse36 clflush dts acpi mmx fxsr sse sse2 ss ht tm pbe nx rdtscp lm constant_tsc arch_perfmon pebs bts xtopology nonstop_tsc aperfmperf pni pclmulqdq dtes64 monitor ds_cpl vmx est tm2 ssse3 cx16 xtpr pdcm pcid sse4_1 sse4_2 x2apic popcnt tsc_deadline_timer xsave avx f16c rdrand lahf_lm ida arat epb xsaveopt pln pts dtherm tpr_shadow vnmi flexpriority ept vpid fsgsbase smep erms
bogomips	: 4988.93
clflush size	: 64
cache_alignment	: 64
address sizes	: 36 bits physical, 48 bits virtual
power management:



Memory: 4k page, physical 16178540k(11192980k free), swap 15624188k(15624188k free)

vm_info: Java HotSpot(TM) Server VM (23.7-b01) for linux-x86 JRE (1.7.0_17-b02), built on Mar  1 2013 03:07:01 by "java_re" with gcc 4.3.0 20080428 (Red Hat 4.3.0-8)

time: Tue Nov  5 11:29:10 2013
elapsed time: 0 seconds

